756
254
658
815
259
273
595
636
78
608
463
463
463
348
815
933
608
766
514
463
463
463
463
254
105
56
249
4
589
457
348
463
595
512
539
698
4
96
184
167
970
463
102
463
933
16
393
78
814
975
646
364
746
595
102
815
815
815
348
364
746
698
463
394
0
221
599
48
463
579
454
859
32
454
463
184
978
950
184
937
419
723
463
348
333
167
463
273
151
576
698
270
463
536
815
416
698
608
599
348
348
463
221
32
78
457
105
213
514
698
467
698
394
463
454
454
454
56
463
463
636
463
225
566
636
590
463
259
539
448
539
167
815
463
447
512
463
381
4
463
463
815
474
463
499
111
698
87
698
793
78
273
167
454
348
323
599
463
457
463
815
796
221
514
221
988
463
463
815
457
463
463
348
463
463
796
394
463
595
468
348
463
463
4
78
654
457
457
184
608
463
333
514
636
273
78
463
249
254
111
463
815
16
463
440
463
108
636
463
698
454
103
815
975
348
463
595
530
514
698
22
457
408
335
6
526
48
859
608
454
475
871
579
658
698
191
259
698
756
608
463
16
698
364
273
13
273
923
408
499
457
463
397
463
492
463
455
167
463
167
327
463
408
348
270
595
463
463
939
988
273
393
463
867
167
782
259
463
933
463
746
457
783
348
454
4
636
200
273
36
463
238
249
756
539
463
78
273
608
78
249
457
457
815
167
463
348
348
463
348
249
463
539
273
815
698
867
463
463
348
167
447
746
221
815
595
262
259
463
259
988
463
273
672
646
463
463
221
646
105
348
815
221
36
348
698
608
408
397
259
756
832
463
746
91
91
608
348
499
394
463
111
815
967
111
245
463
463
408
245
599
416
636
771
287
859
815
221
698
457
986
658
815
970
730
273
348
986
259
707
394
463
118
463
393
551
463
463
447
463
8
832
102
463
411
408
463
61
923
698
514
514
730
463
933
815
454
463
457
221
111
608
698
348
463
815
79
756
273
463
273
756
340
463
514
348
273
348
539
348
698
78
463
394
463
273
658
756
319
815
815
454
260
937
463
167
463
0
871
891
463
0
333
348
950
221
727
425
815
815
457
463
348
408
348
923
815
536
259
457
815
815
348
923
780
891
698
262
463
327
4
457
514
937
325
348
923
730
463
4
245
259
200
815
463
78
460
954
408
270
460
608
698
599
463
595
463
348
539
836
184
273
460
454
408
871
468
681
756
463
118
756
348
698
237
463
815
796
499
815
78
184
599
184
463
927
756
447
463
923
348
503
514
796
273
102
463
698
608
4
254
463
4
16
167
599
539
539
756
96
772
393
4
78
988
539
463
698
492
463
463
167
0
457
259
608
576
730
16
599
105
463
923
866
463
454
463
933
463
796
463
259
348
463
463
280
463
463
4
698
698
766
463
556
102
348
102
273
13
636
463
262
167
539
463
150
521
463
463
636
78
393
756
468
595
184
698
408
514
408
348
576
22
408
259
463
608
579
601
166
568
463
259
539
463
463
131
327
16
463
608
512
608
32
973
167
970
348
20
599
463
278
463
595
815
576
608
988
348
463
348
923
815
36
608
605
408
975
102
579
756
698
78
514
4
417
698
457
408
273
348
599
463
348
514
599
4
771
672
397
111
167
463
793
463
463
463
348
364
454
167
468
348
735
599
608
111
303
514
254
579
0
167
463
303
348
358
698
756
766
815
83
608
859
463
815
463
815
859
463
698
463
16
526
393
348
579
463
463
78
859
891
454
463
96
447
111
599
463
599
746
573
698
418
815
595
259
348
815
16
698
348
463
539
273
249
408
4
91
105
333
32
167
397
463
78
636
658
4
327
539
815
273
16
599
259
457
608
923
273
970
746
926
408
463
463
599
273
280
595
348
576
608
756
16
684
348
815
815
463
0
698
408
579
167
514
463
815
463
698
262
348
463
16
408
463
463
348
221
457
333
871
815
16
815
636
457
608
463
364
348
353
348
395
91
646
551
111
167
806
447
167
463
539
238
348
539
408
698
871
318
457
654
698
463
463
78
338
679
408
468
48
698
16
338
746
111
463
262
463
348
36
937
9
988
16
836
815
468
514
150
394
815
259
460
463
599
576
698
256
572
333
256
859
851
943
514
463
184
245
333
698
419
514
599
273
285
287
262
684
454
780
408
457
348
707
698
270
221
333
463
167
933
262
463
599
232
599
249
454
599
273
436
447
16
514
539
348
463
463
463
796
463
463
273
418
654
815
425
595
463
463
595
463
756
463
514
463
408
16
348
539
348
815
576
514
756
408
167
348
