49606
49998
26991
49990
49994
32077
31173
49578
49988
49999
49999
0
49998
49954
49999
49995
49999
49522
49976
30578
49995
49999
8747
4326
49952
49998
46495
49995
50000
49999
23329
47759
49868
49998
49894
1009
49998
49957
49225
49998
49993
49912
49849
50000
17247
50000
3976
49979
49999
3480
49411
40904
49998
49998
50000
49999
49989
0
49999
0
49998
49957
49998
49994
27391
49921
49993
49999
49995
8755
4320
49993
46501
47467
0
49739
30578
35365
1435
49869
49999
49989
49945
49860
50000
18300
49993
12942
49941
41442
49998
0
34273
7
49999
10934
7283
49523
49523
29018
22494
40906
49994
49516
27147
20218
49999
32085
49999
49990
49995
63
49998
16815
49993
49999
49903
49993
45238
49995
8755
49953
49997
46903
49998
0
50000
23331
43431
49594
49894
49942
31089
49910
26993
30616
35318
50000
5096
49982
49999
49998
10933
820
822
49523
32063
45241
4104
3770
49523
22497
49994
49998
49999
20211
48727
33149
2766
50002
49995
49995
0
50000
2
49999
49993
49777
49882
49994
49999
8755
4487
72
50000
26991
46842
48674
1345
49999
49997
49891
49927
49998
49999
50002
49987
49905
50000
49024
50000
3972
49989
49996
49998
49990
36787
821
49523
49156
49999
49587
49999
25071
49998
49998
49995
49999
32071
33149
2749
49967
49990
49998
49994
0
47759
16823
49993
49990
49999
0
8748
4326
49995
46489
2
49956
0
50000
50000
49591
49998
49934
11419
49989
49384
49998
31093
49995
49882
49999
17410
30449
49996
4343
0
49995
49999
10775
49543
27147
49998
20215
49995
0
31697
31176
49968
72
49999
49999
17407
49993
49887
49999
49999
46510
47461
0
49956
50000
23333
6772
46889
49591
49999
49893
13088
46116
49954
49228
31645
18298
31091
49994
49877
2
49999
49999
50000
30454
35319
50000
49999
49997
12829
7250
50000
33888
49989
49998
20214
48721
49958
49860
2754
49967
49998
49998
719
47740
49998
49999
49989
49889
49999
4330
49953
49998
3
49995
47457
49999
49988
49999
49889
31656
49996
18300
49990
49849
41409
17248
49999
49998
6309
49976
49998
10922
822
50000
49309
29174
33949
49999
36
0
0
0
49523
49999
48721
18634
49995
49557
3159
35740
0
49998
17410
49999
49994
49994
49998
49885
0
49953
46495
0
33
49999
46838
5096
47475
49953
50000
31648
49999
41410
17251
0
2
10933
49998
49309
5864
33887
24838
49999
14290
5096
31245
5096
15705
12943
5096
26991
5096
8560
