9353
367
9353
4865
4865
9353
3684
6590
9353
9353
2667
1136
6876
6937
9353
4865
2667
1856
9283
9353
7606
6342
6876
9353
9353
9353
4865
9353
5649
539
6292
9353
9353
9353
8931
7606
8299
8931
4865
3684
3109
9353
9353
9353
9353
6937
9282
4865
9353
8931
1875
5942
9353
2378
9353
9353
4865
9353
1461
6937
8931
9353
9353
9353
9166
9353
6056
9353
4865
885
2861
9353
1713
8278
9284
5942
9353
3124
5825
5652
9353
9353
8441
6937
4121
9353
5930
2202
9353
8931
9353
7606
9353
9353
2667
1388
9353
9353
5942
6056
9353
9353
5942
9353
9353
7606
7606
5825
9353
9353
7716
3356
9353
2861
9353
7423
9353
9353
9353
9353
4121
5942
9353
9353
9353
5619
9353
9353
9353
9353
1614
8931
9353
7035
9353
9353
7074
9353
7534
9353
8278
4169
9353
1614
9353
5942
2667
1856
9353
9353
7606
2667
9353
8931
9353
9353
9353
9353
4352
7427
9353
9353
8931
1974
2667
2667
9353
4865
4845
7118
2667
7606
6867
3446
3109
2667
8931
2667
1461
9353
8931
3124
9353
9353
7606
8931
6937
5825
9353
4865
4865
6937
9353
9108
9353
9353
367
9353
6087
8931
