322
257
414
76
111
370
441
111
257
399
291
330
113
390
402
32
121
226
210
210
99
257
281
210
434
372
32
169
111
17
99
420
111
99
257
257
310
257
173
210
210
148
257
353
32
257
210
329
111
210
210
210
162
257
111
310
111
257
111
76
399
220
111
378
50
255
312
169
188
99
111
414
323
197
257
372
310
434
257
111
378
169
418
175
141
257
257
441
99
257
109
99
399
309
197
266
189
197
45
169
284
257
378
402
257
434
378
329
197
257
169
417
440
99
281
111
322
17
420
109
99
169
169
32
210
281
370
141
43
0
99
378
147
210
244
188
169
109
169
169
210
188
197
322
414
210
260
257
257
257
289
329
257
257
257
494
425
179
111
50
467
455
99
17
17
99
244
99
99
440
322
257
17
109
175
111
169
99
331
281
281
323
197
378
414
360
281
257
412
268
363
257
32
82
289
76
414
109
281
82
257
349
426
111
17
370
281
225
408
257
47
50
257
111
169
188
226
99
266
99
260
45
257
17
169
237
50
268
45
210
210
402
210
280
210
378
434
197
393
260
50
32
169
284
99
456
169
45
284
372
281
244
99
109
99
111
372
281
45
175
210
394
210
360
329
418
188
210
197
280
206
45
50
210
280
99
402
47
111
280
344
109
169
99
349
235
210
210
373
257
375
360
109
257
422
257
169
280
322
228
111
79
17
225
45
259
329
169
268
402
99
389
45
76
210
280
270
99
344
280
45
175
257
169
399
99
188
17
482
275
109
210
95
281
109
257
169
95
435
257
109
111
175
169
270
471
111
111
441
428
257
237
370
193
257
399
99
257
76
169
169
17
284
210
323
257
221
169
210
109
249
257
109
244
82
281
456
329
257
76
76
345
257
169
322
96
99
109
266
17
17
221
372
399
169
197
378
441
284
257
399
111
482
310
50
206
111
111
257
189
184
257
17
268
393
268
76
257
270
210
99
99
428
378
494
280
280
210
109
257
111
210
440
99
375
257
99
111
111
482
206
257
169
109
412
169
399
257
257
281
257
440
193
109
50
414
76
451
390
257
109
270
329
310
257
280
440
257
393
257
257
43
257
210
135
344
257
197
257
280
43
111
257
111
378
268
277
109
257
169
109
169
197
17
188
378
482
225
266
231
